<?xml version="1.0" encoding="UTF-8"?>
<!-- Generated by org.testng.reporters.JUnitXMLReporter -->
<testsuite ignored="4" hostname="adda247-ThinkPad-E14-Gen-2" failures="0" tests="3" name="Test" time="134.515" errors="0" timestamp="2022-08-18T15:52:25 IST">
  <testcase classname="testScripts.LoginTest" name="verifyLogin" time="26.607"/>
  <testcase classname="testScripts.CourseTest" name="verifyCourseBuy" time="70.315"/>
  <testcase classname="testScripts.LibraryTest" name="verifyLibraryPage" time="26.576"/>
  <testcase classname="testScripts.BaseTest" name="@BeforeTest setUp" time="0.0">
    <ignored/>
  </testcase> <!-- @BeforeTest setUp -->
  <testcase classname="testScripts.BaseTest" name="@AfterTest tearDown" time="0.0">
    <ignored/>
  </testcase> <!-- @AfterTest tearDown -->
  <testcase classname="testScripts.BaseTest" name="@AfterTest tearDown" time="0.0">
    <ignored/>
  </testcase> <!-- @AfterTest tearDown -->
  <testcase classname="testScripts.BaseTest" name="@BeforeTest setUp" time="0.0">
    <ignored/>
  </testcase> <!-- @BeforeTest setUp -->
</testsuite> <!-- Test -->
