<?xml version="1.0" encoding="UTF-8"?>
<testng-results ignored="0" total="1" passed="1" failed="0" skipped="0">
  <reporter-output>
  </reporter-output>
  <suite started-at="2022-08-25T09:06:46Z" name="Default suite" finished-at="2022-08-25T09:07:36Z" duration-ms="49959">
    <groups>
    </groups>
    <test started-at="2022-08-25T09:06:46Z" name="Default test" finished-at="2022-08-25T09:07:36Z" duration-ms="49959">
      <class name="test_scripts.MyProfileTest">
        <test-method is-config="true" signature="setUp()[pri:0, instance:test_scripts.MyProfileTest@f1da57d]" started-at="2022-08-25T09:06:46Z" name="setUp" finished-at="2022-08-25T09:06:52Z" duration-ms="5735" status="PASS">
          <reporter-output>
          </reporter-output>
        </test-method> <!-- setUp -->
        <test-method signature="MyProfilePageFlow()[pri:0, instance:test_scripts.MyProfileTest@f1da57d]" started-at="2022-08-25T09:06:52Z" name="MyProfilePageFlow" finished-at="2022-08-25T09:07:36Z" duration-ms="44029" status="PASS">
          <reporter-output>
          </reporter-output>
        </test-method> <!-- MyProfilePageFlow -->
        <test-method is-config="true" signature="tearDown()[pri:0, instance:test_scripts.MyProfileTest@f1da57d]" started-at="2022-08-25T09:07:36Z" name="tearDown" finished-at="2022-08-25T09:07:36Z" duration-ms="185" status="PASS">
          <reporter-output>
          </reporter-output>
        </test-method> <!-- tearDown -->
      </class> <!-- test_scripts.MyProfileTest -->
    </test> <!-- Default test -->
  </suite> <!-- Default suite -->
</testng-results>
