<?xml version="1.0" encoding="UTF-8"?>
<testng-results ignored="4" total="7" passed="3" failed="0" skipped="0">
  <reporter-output>
  </reporter-output>
  <suite started-at="2022-08-18T15:50:10 IST" name="Suite" finished-at="2022-08-18T15:52:25 IST" duration-ms="134515">
    <groups>
    </groups>
    <test started-at="2022-08-18T15:50:10 IST" name="Test" finished-at="2022-08-18T15:52:25 IST" duration-ms="134515">
      <class name="testScripts.LibraryTest">
        <test-method signature="verifyLibraryPage(pojo.TestData)[pri:0, instance:testScripts.LibraryTest@65fb9ffc]" started-at="2022-08-18T15:51:58 IST" name="verifyLibraryPage" data-provider="getData" finished-at="2022-08-18T15:52:25 IST" duration-ms="26576" status="PASS">
          <params>
            <param index="0">
              <value>
                <![CDATA[pojo.TestData@3f0ce0d1]]>
              </value>
            </param>
          </params>
          <reporter-output>
          </reporter-output>
        </test-method> <!-- verifyLibraryPage -->
      </class> <!-- testScripts.LibraryTest -->
      <class name="testScripts.CourseTest">
        <test-method signature="verifyCourseBuy(pojo.TestData)[pri:0, instance:testScripts.CourseTest@59474f18]" started-at="2022-08-18T15:50:48 IST" name="verifyCourseBuy" data-provider="getData" finished-at="2022-08-18T15:51:58 IST" duration-ms="70315" status="PASS">
          <params>
            <param index="0">
              <value>
                <![CDATA[pojo.TestData@590d6c76]]>
              </value>
            </param>
          </params>
          <reporter-output>
          </reporter-output>
        </test-method> <!-- verifyCourseBuy -->
      </class> <!-- testScripts.CourseTest -->
      <class name="testScripts.LoginTest">
        <test-method is-config="true" signature="setUp()[pri:0, instance:testScripts.LoginTest@4218d6a3]" started-at="2022-08-18T15:50:10 IST" name="setUp" finished-at="2022-08-18T15:50:21 IST" duration-ms="10848" status="PASS">
          <reporter-output>
          </reporter-output>
        </test-method> <!-- setUp -->
        <test-method signature="verifyLogin(pojo.TestData)[pri:0, instance:testScripts.LoginTest@4218d6a3]" started-at="2022-08-18T15:50:21 IST" name="verifyLogin" data-provider="getData" finished-at="2022-08-18T15:50:48 IST" duration-ms="26607" status="PASS">
          <params>
            <param index="0">
              <value>
                <![CDATA[pojo.TestData@667e34b1]]>
              </value>
            </param>
          </params>
          <reporter-output>
          </reporter-output>
        </test-method> <!-- verifyLogin -->
        <test-method is-config="true" signature="tearDown()[pri:0, instance:testScripts.LoginTest@4218d6a3]" started-at="2022-08-18T15:52:25 IST" name="tearDown" finished-at="2022-08-18T15:52:25 IST" duration-ms="96" status="PASS">
          <reporter-output>
          </reporter-output>
        </test-method> <!-- tearDown -->
      </class> <!-- testScripts.LoginTest -->
    </test> <!-- Test -->
  </suite> <!-- Suite -->
</testng-results>
